[0.981s] DEBUG:colcon:Command line arguments: ['/usr/bin/colcon', 'build']
[0.981s] DEBUG:colcon:Parsed command line arguments: Namespace(log_base=None, log_level=None, verb_name='build', build_base='build', install_base='install', merge_install=False, symlink_install=False, test_result_base=None, continue_on_error=False, executor='parallel', parallel_workers=2, event_handlers=None, ignore_user_meta=False, metas=['./colcon.meta'], base_paths=['.'], packages_ignore=None, packages_ignore_regex=None, paths=None, packages_up_to=None, packages_up_to_regex=None, packages_above=None, packages_above_and_dependencies=None, packages_above_depth=None, packages_select_by_dep=None, packages_skip_by_dep=None, packages_skip_up_to=None, packages_select_build_failed=False, packages_skip_build_finished=False, packages_select_test_failures=False, packages_skip_test_passed=False, packages_select=None, packages_skip=None, packages_select_regex=None, packages_skip_regex=None, packages_start=None, packages_end=None, allow_overriding=[], cmake_args=None, cmake_target=None, cmake_target_skip_unavailable=False, cmake_clean_cache=False, cmake_clean_first=False, cmake_force_configure=False, ament_cmake_args=None, catkin_cmake_args=None, catkin_skip_building_tests=False, mixin_files=None, mixin=None, verb_parser=<colcon_mixin.mixin.mixin_argument.MixinArgumentDecorator object at 0x7fcc38372230>, verb_extension=<colcon_core.verb.build.BuildVerb object at 0x7fcc3845e830>, main=<bound method BuildVerb.main of <colcon_core.verb.build.BuildVerb object at 0x7fcc3845e830>>, mixin_verb=('build',))
[3.803s] Level 1:colcon.colcon_core.package_discovery:discover_packages(colcon_meta) check parameters
[3.803s] Level 1:colcon.colcon_core.package_discovery:discover_packages(recursive) check parameters
[3.804s] Level 1:colcon.colcon_core.package_discovery:discover_packages(ignore) check parameters
[3.804s] Level 1:colcon.colcon_core.package_discovery:discover_packages(path) check parameters
[3.804s] Level 1:colcon.colcon_core.package_discovery:discover_packages(colcon_meta) discover
[3.804s] Level 1:colcon.colcon_core.package_discovery:discover_packages(recursive) discover
[3.805s] INFO:colcon.colcon_core.package_discovery:Crawling recursively for packages in '/home/aisd/ros2_ws/src/aisd-vision-shubhangix'
[3.805s] Level 1:colcon.colcon_core.package_identification:_identify(.) by extensions ['ignore', 'ignore_ament_install']
[3.806s] Level 1:colcon.colcon_core.package_identification:_identify(.) by extension 'ignore'
[3.807s] Level 1:colcon.colcon_core.package_identification:_identify(.) by extension 'ignore_ament_install'
[3.808s] Level 1:colcon.colcon_core.package_identification:_identify(.) by extensions ['colcon_pkg']
[3.809s] Level 1:colcon.colcon_core.package_identification:_identify(.) by extension 'colcon_pkg'
[3.809s] Level 1:colcon.colcon_core.package_identification:_identify(.) by extensions ['colcon_meta']
[3.809s] Level 1:colcon.colcon_core.package_identification:_identify(.) by extension 'colcon_meta'
[3.810s] Level 1:colcon.colcon_core.package_identification:_identify(.) by extensions ['ros']
[3.810s] Level 1:colcon.colcon_core.package_identification:_identify(.) by extension 'ros'
[3.928s] Level 1:colcon.colcon_core.package_identification:_identify(.) by extensions ['cmake', 'python']
[3.929s] Level 1:colcon.colcon_core.package_identification:_identify(.) by extension 'cmake'
[3.929s] Level 1:colcon.colcon_core.package_identification:_identify(.) by extension 'python'
[3.929s] Level 1:colcon.colcon_core.package_identification:_identify(.) by extensions ['python_setup_py']
[3.930s] Level 1:colcon.colcon_core.package_identification:_identify(.) by extension 'python_setup_py'
[3.930s] Level 1:colcon.colcon_core.package_identification:_identify(aisd_msgs) by extensions ['ignore', 'ignore_ament_install']
[3.931s] Level 1:colcon.colcon_core.package_identification:_identify(aisd_msgs) by extension 'ignore'
[3.932s] Level 1:colcon.colcon_core.package_identification:_identify(aisd_msgs) by extension 'ignore_ament_install'
[3.935s] Level 1:colcon.colcon_core.package_identification:_identify(aisd_msgs) by extensions ['colcon_pkg']
[3.935s] Level 1:colcon.colcon_core.package_identification:_identify(aisd_msgs) by extension 'colcon_pkg'
[3.937s] Level 1:colcon.colcon_core.package_identification:_identify(aisd_msgs) by extensions ['colcon_meta']
[3.937s] Level 1:colcon.colcon_core.package_identification:_identify(aisd_msgs) by extension 'colcon_meta'
[3.937s] Level 1:colcon.colcon_core.package_identification:_identify(aisd_msgs) by extensions ['ros']
[3.938s] Level 1:colcon.colcon_core.package_identification:_identify(aisd_msgs) by extension 'ros'
[3.974s] DEBUG:colcon.colcon_core.package_identification:Package 'aisd_msgs' with type 'ros.ament_cmake' and name 'aisd_msgs'
[3.976s] Level 1:colcon.colcon_core.package_identification:_identify(aisd_vision) by extensions ['ignore', 'ignore_ament_install']
[3.976s] Level 1:colcon.colcon_core.package_identification:_identify(aisd_vision) by extension 'ignore'
[3.976s] Level 1:colcon.colcon_core.package_identification:_identify(aisd_vision) by extension 'ignore_ament_install'
[3.977s] Level 1:colcon.colcon_core.package_identification:_identify(aisd_vision) by extensions ['colcon_pkg']
[3.978s] Level 1:colcon.colcon_core.package_identification:_identify(aisd_vision) by extension 'colcon_pkg'
[3.978s] Level 1:colcon.colcon_core.package_identification:_identify(aisd_vision) by extensions ['colcon_meta']
[3.978s] Level 1:colcon.colcon_core.package_identification:_identify(aisd_vision) by extension 'colcon_meta'
[3.978s] Level 1:colcon.colcon_core.package_identification:_identify(aisd_vision) by extensions ['ros']
[3.979s] Level 1:colcon.colcon_core.package_identification:_identify(aisd_vision) by extension 'ros'
[3.981s] DEBUG:colcon.colcon_core.package_identification:Package 'aisd_vision' with type 'ros.ament_python' and name 'aisd_vision'
[3.982s] Level 1:colcon.colcon_core.package_identification:_identify(build) by extensions ['ignore', 'ignore_ament_install']
[3.982s] Level 1:colcon.colcon_core.package_identification:_identify(build) by extension 'ignore'
[3.982s] Level 1:colcon.colcon_core.package_identification:_identify(build) ignored
[3.983s] Level 1:colcon.colcon_core.package_identification:_identify(install) by extensions ['ignore', 'ignore_ament_install']
[3.983s] Level 1:colcon.colcon_core.package_identification:_identify(install) by extension 'ignore'
[3.984s] Level 1:colcon.colcon_core.package_identification:_identify(install) ignored
[3.984s] Level 1:colcon.colcon_core.package_identification:_identify(log) by extensions ['ignore', 'ignore_ament_install']
[3.985s] Level 1:colcon.colcon_core.package_identification:_identify(log) by extension 'ignore'
[3.986s] Level 1:colcon.colcon_core.package_identification:_identify(log) ignored
[3.986s] Level 1:colcon.colcon_core.package_discovery:discover_packages(recursive) using defaults
[3.986s] Level 1:colcon.colcon_core.package_discovery:discover_packages(ignore) discover
[3.986s] Level 1:colcon.colcon_core.package_discovery:discover_packages(ignore) using defaults
[3.987s] Level 1:colcon.colcon_core.package_discovery:discover_packages(path) discover
[3.987s] Level 1:colcon.colcon_core.package_discovery:discover_packages(path) using defaults
[4.302s] Level 1:colcon.colcon_core.package_discovery:discover_packages(prefix_path) check parameters
[4.302s] Level 1:colcon.colcon_core.package_discovery:discover_packages(prefix_path) discover
[4.339s] DEBUG:colcon.colcon_installed_package_information.package_discovery:Found 272 installed packages in /opt/ros/humble
[4.352s] Level 1:colcon.colcon_core.package_discovery:discover_packages(prefix_path) using defaults
[4.930s] Level 5:colcon.colcon_core.verb:set package 'aisd_msgs' build argument 'cmake_args' from command line to 'None'
[4.931s] Level 5:colcon.colcon_core.verb:set package 'aisd_msgs' build argument 'cmake_target' from command line to 'None'
[4.933s] Level 5:colcon.colcon_core.verb:set package 'aisd_msgs' build argument 'cmake_target_skip_unavailable' from command line to 'False'
[4.934s] Level 5:colcon.colcon_core.verb:set package 'aisd_msgs' build argument 'cmake_clean_cache' from command line to 'False'
[4.934s] Level 5:colcon.colcon_core.verb:set package 'aisd_msgs' build argument 'cmake_clean_first' from command line to 'False'
[4.934s] Level 5:colcon.colcon_core.verb:set package 'aisd_msgs' build argument 'cmake_force_configure' from command line to 'False'
[4.934s] Level 5:colcon.colcon_core.verb:set package 'aisd_msgs' build argument 'ament_cmake_args' from command line to 'None'
[4.935s] Level 5:colcon.colcon_core.verb:set package 'aisd_msgs' build argument 'catkin_cmake_args' from command line to 'None'
[4.935s] Level 5:colcon.colcon_core.verb:set package 'aisd_msgs' build argument 'catkin_skip_building_tests' from command line to 'False'
[4.936s] DEBUG:colcon.colcon_core.verb:Building package 'aisd_msgs' with the following arguments: {'ament_cmake_args': None, 'build_base': '/home/aisd/ros2_ws/src/aisd-vision-shubhangix/build/aisd_msgs', 'catkin_cmake_args': None, 'catkin_skip_building_tests': False, 'cmake_args': None, 'cmake_clean_cache': False, 'cmake_clean_first': False, 'cmake_force_configure': False, 'cmake_target': None, 'cmake_target_skip_unavailable': False, 'install_base': '/home/aisd/ros2_ws/src/aisd-vision-shubhangix/install/aisd_msgs', 'merge_install': False, 'path': '/home/aisd/ros2_ws/src/aisd-vision-shubhangix/aisd_msgs', 'symlink_install': False, 'test_result_base': None}
[4.937s] Level 5:colcon.colcon_core.verb:set package 'aisd_vision' build argument 'cmake_args' from command line to 'None'
[4.937s] Level 5:colcon.colcon_core.verb:set package 'aisd_vision' build argument 'cmake_target' from command line to 'None'
[4.937s] Level 5:colcon.colcon_core.verb:set package 'aisd_vision' build argument 'cmake_target_skip_unavailable' from command line to 'False'
[4.937s] Level 5:colcon.colcon_core.verb:set package 'aisd_vision' build argument 'cmake_clean_cache' from command line to 'False'
[4.937s] Level 5:colcon.colcon_core.verb:set package 'aisd_vision' build argument 'cmake_clean_first' from command line to 'False'
[4.937s] Level 5:colcon.colcon_core.verb:set package 'aisd_vision' build argument 'cmake_force_configure' from command line to 'False'
[4.937s] Level 5:colcon.colcon_core.verb:set package 'aisd_vision' build argument 'ament_cmake_args' from command line to 'None'
[4.938s] Level 5:colcon.colcon_core.verb:set package 'aisd_vision' build argument 'catkin_cmake_args' from command line to 'None'
[4.938s] Level 5:colcon.colcon_core.verb:set package 'aisd_vision' build argument 'catkin_skip_building_tests' from command line to 'False'
[4.938s] DEBUG:colcon.colcon_core.verb:Building package 'aisd_vision' with the following arguments: {'ament_cmake_args': None, 'build_base': '/home/aisd/ros2_ws/src/aisd-vision-shubhangix/build/aisd_vision', 'catkin_cmake_args': None, 'catkin_skip_building_tests': False, 'cmake_args': None, 'cmake_clean_cache': False, 'cmake_clean_first': False, 'cmake_force_configure': False, 'cmake_target': None, 'cmake_target_skip_unavailable': False, 'install_base': '/home/aisd/ros2_ws/src/aisd-vision-shubhangix/install/aisd_vision', 'merge_install': False, 'path': '/home/aisd/ros2_ws/src/aisd-vision-shubhangix/aisd_vision', 'symlink_install': False, 'test_result_base': None}
[4.938s] INFO:colcon.colcon_core.executor:Executing jobs using 'parallel' executor
[4.946s] DEBUG:colcon.colcon_parallel_executor.executor.parallel:run_until_complete
[4.949s] INFO:colcon.colcon_ros.task.ament_cmake.build:Building ROS package in '/home/aisd/ros2_ws/src/aisd-vision-shubhangix/aisd_msgs' with build type 'ament_cmake'
[4.949s] INFO:colcon.colcon_cmake.task.cmake.build:Building CMake package in '/home/aisd/ros2_ws/src/aisd-vision-shubhangix/aisd_msgs'
[5.007s] INFO:colcon.colcon_core.plugin_system:Skipping extension 'colcon_core.shell.bat': Not used on non-Windows systems
[5.009s] INFO:colcon.colcon_core.shell:Skip shell extension 'powershell' for command environment: Not usable outside of PowerShell
[5.010s] DEBUG:colcon.colcon_core.shell:Skip shell extension 'dsv' for command environment
[5.164s] INFO:colcon.colcon_ros.task.ament_python.build:Building ROS package in '/home/aisd/ros2_ws/src/aisd-vision-shubhangix/aisd_vision' with build type 'ament_python'
[5.165s] Level 1:colcon.colcon_core.shell:create_environment_hook('aisd_vision', 'ament_prefix_path')
[5.167s] INFO:colcon.colcon_core.shell:Creating environment hook '/home/aisd/ros2_ws/src/aisd-vision-shubhangix/install/aisd_vision/share/aisd_vision/hook/ament_prefix_path.ps1'
[5.210s] INFO:colcon.colcon_core.shell:Creating environment descriptor '/home/aisd/ros2_ws/src/aisd-vision-shubhangix/install/aisd_vision/share/aisd_vision/hook/ament_prefix_path.dsv'
[5.224s] INFO:colcon.colcon_core.shell:Creating environment hook '/home/aisd/ros2_ws/src/aisd-vision-shubhangix/install/aisd_vision/share/aisd_vision/hook/ament_prefix_path.sh'
[5.238s] INFO:colcon.colcon_core.shell:Skip shell extension 'powershell' for command environment: Not usable outside of PowerShell
[5.248s] DEBUG:colcon.colcon_core.shell:Skip shell extension 'dsv' for command environment
[5.382s] DEBUG:colcon.colcon_core.event_handler.log_command:Invoking command in '/home/aisd/ros2_ws/src/aisd-vision-shubhangix/build/aisd_msgs': CMAKE_PREFIX_PATH=/opt/ros/humble /usr/bin/cmake /home/aisd/ros2_ws/src/aisd-vision-shubhangix/aisd_msgs -DCMAKE_INSTALL_PREFIX=/home/aisd/ros2_ws/src/aisd-vision-shubhangix/install/aisd_msgs
[7.186s] INFO:colcon.colcon_core.task.python.build:Building Python package in '/home/aisd/ros2_ws/src/aisd-vision-shubhangix/aisd_vision'
[7.186s] INFO:colcon.colcon_core.shell:Skip shell extension 'powershell' for command environment: Not usable outside of PowerShell
[7.186s] DEBUG:colcon.colcon_core.shell:Skip shell extension 'dsv' for command environment
[9.807s] DEBUG:colcon.colcon_core.event_handler.log_command:Invoking command in '/home/aisd/ros2_ws/src/aisd-vision-shubhangix/aisd_vision': PYTHONPATH=/home/aisd/ros2_ws/src/aisd-vision-shubhangix/build/aisd_vision/prefix_override:/usr/lib/python3/dist-packages/colcon_core/task/python/colcon_distutils_commands:/home/aisd/ros2_ws/src/aisd-vision-shubhangix/install/aisd_vision/lib/python3.10/site-packages:${PYTHONPATH} /usr/bin/python3 -W ignore:setup.py install is deprecated setup.py egg_info --egg-base ../build/aisd_vision build --build-base /home/aisd/ros2_ws/src/aisd-vision-shubhangix/build/aisd_vision/build install --record /home/aisd/ros2_ws/src/aisd-vision-shubhangix/build/aisd_vision/install.log --single-version-externally-managed install_data
[11.068s] DEBUG:colcon.colcon_core.event_handler.log_command:Invoked command in '/home/aisd/ros2_ws/src/aisd-vision-shubhangix/aisd_vision' returned '0': PYTHONPATH=/home/aisd/ros2_ws/src/aisd-vision-shubhangix/build/aisd_vision/prefix_override:/usr/lib/python3/dist-packages/colcon_core/task/python/colcon_distutils_commands:/home/aisd/ros2_ws/src/aisd-vision-shubhangix/install/aisd_vision/lib/python3.10/site-packages:${PYTHONPATH} /usr/bin/python3 -W ignore:setup.py install is deprecated setup.py egg_info --egg-base ../build/aisd_vision build --build-base /home/aisd/ros2_ws/src/aisd-vision-shubhangix/build/aisd_vision/build install --record /home/aisd/ros2_ws/src/aisd-vision-shubhangix/build/aisd_vision/install.log --single-version-externally-managed install_data
[11.110s] Level 1:colcon.colcon_core.environment:checking '/home/aisd/ros2_ws/src/aisd-vision-shubhangix/install/aisd_vision' for CMake module files
[11.113s] Level 1:colcon.colcon_core.environment:checking '/home/aisd/ros2_ws/src/aisd-vision-shubhangix/install/aisd_vision' for CMake config files
[11.117s] Level 1:colcon.colcon_core.environment:checking '/home/aisd/ros2_ws/src/aisd-vision-shubhangix/install/aisd_vision/lib'
[11.117s] Level 1:colcon.colcon_core.environment:checking '/home/aisd/ros2_ws/src/aisd-vision-shubhangix/install/aisd_vision/bin'
[11.118s] Level 1:colcon.colcon_core.environment:checking '/home/aisd/ros2_ws/src/aisd-vision-shubhangix/install/aisd_vision/lib/pkgconfig/aisd_vision.pc'
[11.118s] Level 1:colcon.colcon_core.environment:checking '/home/aisd/ros2_ws/src/aisd-vision-shubhangix/install/aisd_vision/lib/python3.10/site-packages'
[11.119s] Level 1:colcon.colcon_core.shell:create_environment_hook('aisd_vision', 'pythonpath')
[11.119s] INFO:colcon.colcon_core.shell:Creating environment hook '/home/aisd/ros2_ws/src/aisd-vision-shubhangix/install/aisd_vision/share/aisd_vision/hook/pythonpath.ps1'
[11.121s] INFO:colcon.colcon_core.shell:Creating environment descriptor '/home/aisd/ros2_ws/src/aisd-vision-shubhangix/install/aisd_vision/share/aisd_vision/hook/pythonpath.dsv'
[11.123s] INFO:colcon.colcon_core.shell:Creating environment hook '/home/aisd/ros2_ws/src/aisd-vision-shubhangix/install/aisd_vision/share/aisd_vision/hook/pythonpath.sh'
[11.125s] Level 1:colcon.colcon_core.environment:checking '/home/aisd/ros2_ws/src/aisd-vision-shubhangix/install/aisd_vision/bin'
[11.125s] Level 1:colcon.colcon_core.environment:create_environment_scripts_only(aisd_vision)
[11.126s] INFO:colcon.colcon_core.shell:Creating package script '/home/aisd/ros2_ws/src/aisd-vision-shubhangix/install/aisd_vision/share/aisd_vision/package.ps1'
[11.130s] INFO:colcon.colcon_core.shell:Creating package descriptor '/home/aisd/ros2_ws/src/aisd-vision-shubhangix/install/aisd_vision/share/aisd_vision/package.dsv'
[11.134s] INFO:colcon.colcon_core.shell:Creating package script '/home/aisd/ros2_ws/src/aisd-vision-shubhangix/install/aisd_vision/share/aisd_vision/package.sh'
[11.138s] INFO:colcon.colcon_core.shell:Creating package script '/home/aisd/ros2_ws/src/aisd-vision-shubhangix/install/aisd_vision/share/aisd_vision/package.bash'
[11.144s] INFO:colcon.colcon_core.shell:Creating package script '/home/aisd/ros2_ws/src/aisd-vision-shubhangix/install/aisd_vision/share/aisd_vision/package.zsh'
[11.151s] Level 1:colcon.colcon_core.environment:create_file_with_runtime_dependencies(/home/aisd/ros2_ws/src/aisd-vision-shubhangix/install/aisd_vision/share/colcon-core/packages/aisd_vision)
[17.098s] DEBUG:colcon.colcon_core.event_handler.log_command:Invoked command in '/home/aisd/ros2_ws/src/aisd-vision-shubhangix/build/aisd_msgs' returned '0': CMAKE_PREFIX_PATH=/opt/ros/humble /usr/bin/cmake /home/aisd/ros2_ws/src/aisd-vision-shubhangix/aisd_msgs -DCMAKE_INSTALL_PREFIX=/home/aisd/ros2_ws/src/aisd-vision-shubhangix/install/aisd_msgs
[17.120s] DEBUG:colcon.colcon_core.event_handler.log_command:Invoking command in '/home/aisd/ros2_ws/src/aisd-vision-shubhangix/build/aisd_msgs': CMAKE_PREFIX_PATH=/opt/ros/humble /usr/bin/cmake --build /home/aisd/ros2_ws/src/aisd-vision-shubhangix/build/aisd_msgs -- -j2 -l2
[33.780s] DEBUG:colcon.colcon_core.event_handler.log_command:Invoked command in '/home/aisd/ros2_ws/src/aisd-vision-shubhangix/build/aisd_msgs' returned '0': CMAKE_PREFIX_PATH=/opt/ros/humble /usr/bin/cmake --build /home/aisd/ros2_ws/src/aisd-vision-shubhangix/build/aisd_msgs -- -j2 -l2
[34.575s] DEBUG:colcon.colcon_core.event_handler.log_command:Invoking command in '/home/aisd/ros2_ws/src/aisd-vision-shubhangix/build/aisd_msgs': CMAKE_PREFIX_PATH=/opt/ros/humble /usr/bin/cmake --install /home/aisd/ros2_ws/src/aisd-vision-shubhangix/build/aisd_msgs
[35.181s] Level 1:colcon.colcon_core.environment:create_environment_scripts_only(aisd_msgs)
[35.188s] Level 1:colcon.colcon_core.environment:checking '/home/aisd/ros2_ws/src/aisd-vision-shubhangix/install/aisd_msgs' for CMake module files
[35.191s] DEBUG:colcon.colcon_core.event_handler.log_command:Invoked command in '/home/aisd/ros2_ws/src/aisd-vision-shubhangix/build/aisd_msgs' returned '0': CMAKE_PREFIX_PATH=/opt/ros/humble /usr/bin/cmake --install /home/aisd/ros2_ws/src/aisd-vision-shubhangix/build/aisd_msgs
[35.192s] Level 1:colcon.colcon_core.environment:checking '/home/aisd/ros2_ws/src/aisd-vision-shubhangix/install/aisd_msgs' for CMake config files
[35.194s] Level 1:colcon.colcon_core.shell:create_environment_hook('aisd_msgs', 'cmake_prefix_path')
[35.194s] INFO:colcon.colcon_core.shell:Creating environment hook '/home/aisd/ros2_ws/src/aisd-vision-shubhangix/install/aisd_msgs/share/aisd_msgs/hook/cmake_prefix_path.ps1'
[35.195s] INFO:colcon.colcon_core.shell:Creating environment descriptor '/home/aisd/ros2_ws/src/aisd-vision-shubhangix/install/aisd_msgs/share/aisd_msgs/hook/cmake_prefix_path.dsv'
[35.196s] INFO:colcon.colcon_core.shell:Creating environment hook '/home/aisd/ros2_ws/src/aisd-vision-shubhangix/install/aisd_msgs/share/aisd_msgs/hook/cmake_prefix_path.sh'
[35.197s] Level 1:colcon.colcon_core.environment:checking '/home/aisd/ros2_ws/src/aisd-vision-shubhangix/install/aisd_msgs/lib'
[35.198s] Level 1:colcon.colcon_core.shell:create_environment_hook('aisd_msgs', 'ld_library_path_lib')
[35.198s] INFO:colcon.colcon_core.shell:Creating environment hook '/home/aisd/ros2_ws/src/aisd-vision-shubhangix/install/aisd_msgs/share/aisd_msgs/hook/ld_library_path_lib.ps1'
[35.199s] INFO:colcon.colcon_core.shell:Creating environment descriptor '/home/aisd/ros2_ws/src/aisd-vision-shubhangix/install/aisd_msgs/share/aisd_msgs/hook/ld_library_path_lib.dsv'
[35.200s] INFO:colcon.colcon_core.shell:Creating environment hook '/home/aisd/ros2_ws/src/aisd-vision-shubhangix/install/aisd_msgs/share/aisd_msgs/hook/ld_library_path_lib.sh'
[35.201s] Level 1:colcon.colcon_core.environment:checking '/home/aisd/ros2_ws/src/aisd-vision-shubhangix/install/aisd_msgs/bin'
[35.201s] Level 1:colcon.colcon_core.environment:checking '/home/aisd/ros2_ws/src/aisd-vision-shubhangix/install/aisd_msgs/lib/pkgconfig/aisd_msgs.pc'
[35.201s] Level 1:colcon.colcon_core.environment:checking '/home/aisd/ros2_ws/src/aisd-vision-shubhangix/install/aisd_msgs/lib/python3.10/site-packages'
[35.202s] Level 1:colcon.colcon_core.environment:checking '/home/aisd/ros2_ws/src/aisd-vision-shubhangix/install/aisd_msgs/bin'
[35.202s] INFO:colcon.colcon_core.shell:Creating package script '/home/aisd/ros2_ws/src/aisd-vision-shubhangix/install/aisd_msgs/share/aisd_msgs/package.ps1'
[35.204s] INFO:colcon.colcon_core.shell:Creating package descriptor '/home/aisd/ros2_ws/src/aisd-vision-shubhangix/install/aisd_msgs/share/aisd_msgs/package.dsv'
[35.205s] INFO:colcon.colcon_core.shell:Creating package script '/home/aisd/ros2_ws/src/aisd-vision-shubhangix/install/aisd_msgs/share/aisd_msgs/package.sh'
[35.206s] INFO:colcon.colcon_core.shell:Creating package script '/home/aisd/ros2_ws/src/aisd-vision-shubhangix/install/aisd_msgs/share/aisd_msgs/package.bash'
[35.208s] INFO:colcon.colcon_core.shell:Creating package script '/home/aisd/ros2_ws/src/aisd-vision-shubhangix/install/aisd_msgs/share/aisd_msgs/package.zsh'
[35.209s] Level 1:colcon.colcon_core.environment:create_file_with_runtime_dependencies(/home/aisd/ros2_ws/src/aisd-vision-shubhangix/install/aisd_msgs/share/colcon-core/packages/aisd_msgs)
[36.198s] Level 1:colcon.colcon_core.environment:create_environment_scripts_only(aisd_msgs)
[36.199s] Level 1:colcon.colcon_core.environment:checking '/home/aisd/ros2_ws/src/aisd-vision-shubhangix/install/aisd_msgs' for CMake module files
[36.208s] Level 1:colcon.colcon_core.environment:checking '/home/aisd/ros2_ws/src/aisd-vision-shubhangix/install/aisd_msgs' for CMake config files
[36.218s] Level 1:colcon.colcon_core.shell:create_environment_hook('aisd_msgs', 'cmake_prefix_path')
[36.219s] INFO:colcon.colcon_core.shell:Creating environment hook '/home/aisd/ros2_ws/src/aisd-vision-shubhangix/install/aisd_msgs/share/aisd_msgs/hook/cmake_prefix_path.ps1'
[36.223s] INFO:colcon.colcon_core.shell:Creating environment descriptor '/home/aisd/ros2_ws/src/aisd-vision-shubhangix/install/aisd_msgs/share/aisd_msgs/hook/cmake_prefix_path.dsv'
[36.228s] INFO:colcon.colcon_core.shell:Creating environment hook '/home/aisd/ros2_ws/src/aisd-vision-shubhangix/install/aisd_msgs/share/aisd_msgs/hook/cmake_prefix_path.sh'
[36.235s] Level 1:colcon.colcon_core.environment:checking '/home/aisd/ros2_ws/src/aisd-vision-shubhangix/install/aisd_msgs/lib'
[36.236s] Level 1:colcon.colcon_core.shell:create_environment_hook('aisd_msgs', 'ld_library_path_lib')
[36.237s] INFO:colcon.colcon_core.shell:Creating environment hook '/home/aisd/ros2_ws/src/aisd-vision-shubhangix/install/aisd_msgs/share/aisd_msgs/hook/ld_library_path_lib.ps1'
[36.241s] INFO:colcon.colcon_core.shell:Creating environment descriptor '/home/aisd/ros2_ws/src/aisd-vision-shubhangix/install/aisd_msgs/share/aisd_msgs/hook/ld_library_path_lib.dsv'
[36.246s] INFO:colcon.colcon_core.shell:Creating environment hook '/home/aisd/ros2_ws/src/aisd-vision-shubhangix/install/aisd_msgs/share/aisd_msgs/hook/ld_library_path_lib.sh'
[36.252s] Level 1:colcon.colcon_core.environment:checking '/home/aisd/ros2_ws/src/aisd-vision-shubhangix/install/aisd_msgs/bin'
[36.254s] Level 1:colcon.colcon_core.environment:checking '/home/aisd/ros2_ws/src/aisd-vision-shubhangix/install/aisd_msgs/lib/pkgconfig/aisd_msgs.pc'
[36.255s] Level 1:colcon.colcon_core.environment:checking '/home/aisd/ros2_ws/src/aisd-vision-shubhangix/install/aisd_msgs/lib/python3.10/site-packages'
[36.256s] Level 1:colcon.colcon_core.environment:checking '/home/aisd/ros2_ws/src/aisd-vision-shubhangix/install/aisd_msgs/bin'
[36.258s] INFO:colcon.colcon_core.shell:Creating package script '/home/aisd/ros2_ws/src/aisd-vision-shubhangix/install/aisd_msgs/share/aisd_msgs/package.ps1'
[36.264s] INFO:colcon.colcon_core.shell:Creating package descriptor '/home/aisd/ros2_ws/src/aisd-vision-shubhangix/install/aisd_msgs/share/aisd_msgs/package.dsv'
[36.272s] INFO:colcon.colcon_core.shell:Creating package script '/home/aisd/ros2_ws/src/aisd-vision-shubhangix/install/aisd_msgs/share/aisd_msgs/package.sh'
[36.276s] INFO:colcon.colcon_core.shell:Creating package script '/home/aisd/ros2_ws/src/aisd-vision-shubhangix/install/aisd_msgs/share/aisd_msgs/package.bash'
[36.284s] INFO:colcon.colcon_core.shell:Creating package script '/home/aisd/ros2_ws/src/aisd-vision-shubhangix/install/aisd_msgs/share/aisd_msgs/package.zsh'
[36.288s] Level 1:colcon.colcon_core.environment:create_file_with_runtime_dependencies(/home/aisd/ros2_ws/src/aisd-vision-shubhangix/install/aisd_msgs/share/colcon-core/packages/aisd_msgs)
[36.299s] DEBUG:colcon.colcon_parallel_executor.executor.parallel:closing loop
[36.304s] DEBUG:colcon.colcon_parallel_executor.executor.parallel:loop closed
[36.305s] DEBUG:colcon.colcon_parallel_executor.executor.parallel:run_until_complete finished with '0'
[36.305s] DEBUG:colcon.colcon_core.event_reactor:joining thread
[36.463s] INFO:colcon.colcon_core.plugin_system:Skipping extension 'colcon_notification.desktop_notification.notify_send': Could not find 'notify-send'
[36.464s] INFO:colcon.colcon_core.plugin_system:Skipping extension 'colcon_notification.desktop_notification.terminal_notifier': Not used on non-Darwin systems
[36.465s] INFO:colcon.colcon_core.plugin_system:Skipping extension 'colcon_notification.desktop_notification.win32': Not used on non-Windows systems
[36.465s] INFO:colcon.colcon_notification.desktop_notification:Sending desktop notification using 'notify2'
[36.577s] DEBUG:colcon.colcon_notification.desktop_notification.notify2:Failed to initialize notify2: org.freedesktop.DBus.Error.ServiceUnknown: The name org.freedesktop.Notifications was not provided by any .service files
[36.579s] DEBUG:colcon.colcon_core.event_reactor:joined thread
[36.582s] INFO:colcon.colcon_core.shell:Creating prefix script '/home/aisd/ros2_ws/src/aisd-vision-shubhangix/install/local_setup.ps1'
[36.593s] INFO:colcon.colcon_core.shell:Creating prefix util module '/home/aisd/ros2_ws/src/aisd-vision-shubhangix/install/_local_setup_util_ps1.py'
[36.605s] INFO:colcon.colcon_core.shell:Creating prefix chain script '/home/aisd/ros2_ws/src/aisd-vision-shubhangix/install/setup.ps1'
[36.612s] INFO:colcon.colcon_core.shell:Creating prefix script '/home/aisd/ros2_ws/src/aisd-vision-shubhangix/install/local_setup.sh'
[36.622s] INFO:colcon.colcon_core.shell:Creating prefix util module '/home/aisd/ros2_ws/src/aisd-vision-shubhangix/install/_local_setup_util_sh.py'
[36.625s] INFO:colcon.colcon_core.shell:Creating prefix chain script '/home/aisd/ros2_ws/src/aisd-vision-shubhangix/install/setup.sh'
[36.634s] INFO:colcon.colcon_core.shell:Creating prefix script '/home/aisd/ros2_ws/src/aisd-vision-shubhangix/install/local_setup.bash'
[36.640s] INFO:colcon.colcon_core.shell:Creating prefix chain script '/home/aisd/ros2_ws/src/aisd-vision-shubhangix/install/setup.bash'
[36.647s] INFO:colcon.colcon_core.shell:Creating prefix script '/home/aisd/ros2_ws/src/aisd-vision-shubhangix/install/local_setup.zsh'
[36.657s] INFO:colcon.colcon_core.shell:Creating prefix chain script '/home/aisd/ros2_ws/src/aisd-vision-shubhangix/install/setup.zsh'
